<?xml version="1.0" encoding="UTF-8"?>
<!-- Generated by org.testng.reporters.JUnitReportReporter -->
<testsuite hostname="LAPTOP-3MSUA5N1" failures="0" tests="1" name="com.mindtree.Runner.MI_runner" time="134.897" errors="0" timestamp="2021-11-09T12:25:23 IST" skipped="0">
  <testcase classname="com.mindtree.Runner.MI_runner" name="runScenario" time="134.897"/>
  <system-out/>
</testsuite> <!-- com.mindtree.Runner.MI_runner -->
