<?xml version="1.0" encoding="UTF-8"?>
<!-- Generated by org.testng.reporters.JUnitReportReporter -->
<testsuite hostname="LAPTOP-3MSUA5N1" failures="0" tests="3" name="com.mindtree.Runner.MI_runner" time="78.389" errors="0" timestamp="2021-11-08T17:15:41 IST" skipped="0">
  <testcase classname="com.mindtree.Runner.MI_runner" name="runScenario" time="43.205"/>
  <system-out/>
  <testcase classname="com.mindtree.Runner.MI_runner" name="runScenario" time="17.358"/>
  <system-out/>
  <testcase classname="com.mindtree.Runner.MI_runner" name="runScenario" time="17.826"/>
  <system-out/>
</testsuite> <!-- com.mindtree.Runner.MI_runner -->
